BUILD: [00:0000000000:PROGC ] Build started with parameters: -c
BUILD: [00:0000000001:PROGC ] Build started in directory: E:\WINCE700\public\common\oak\drivers\usb\class\usbser
BUILD: [00:0000000002:PROGC ] Running passes WCEFILES0, MIDL, MC, ASN, THUNK, PRECOMPHEADER, COMPILE, LOCALIZE, RENUMBERICONIDS, RES2RES, LIB, EXPLIB, LINK, MANAGEDRESX, MANAGEDMOD, MANAGEDDLL, MANAGEDEXE, MANAGEDWIN, POSTBUILD for ARM.
BUILD: [00:0000000003:PROGC ] Ignoring build database (-c specified).
BUILD: [00:0000000004:PROGC ] Computing include file dependencies:
BUILD: [01:0000000005:PROGC ] Scan E:\WINCE700\public\common\oak\drivers\usb\class\usbser\
BUILD: [01:0000000007:PROGC ] ReadSourcesFiles for project E:\WINCE700\public\common\oak\drivers\usb\class\usbser\.
BUILD: [00:0000000008:PROGC ] Directory scanning complete.
BUILD: [00:0000000009:PROGC ] Saving E:\WINCE700\public\common\BuildARMV5retail.dat.
BUILD: [00:0000000011:PROGC ] Saving Master Database complete.
BUILD: [00:0000000012:PROGC ] Starting WCEFILES0 Pass.
BUILD: [00:0000000013:PROGC ] Analyzing project dependency information for pass WCEFILES0.
BUILD: [00:0000000014:PROGC ] Starting MIDL Pass.
BUILD: [00:0000000015:PROGC ] Analyzing project dependency information for pass MIDL.
BUILD: [00:0000000016:PROGC ] Starting MC Pass.
BUILD: [00:0000000017:PROGC ] Analyzing project dependency information for pass MC.
BUILD: [00:0000000018:PROGC ] Starting ASN Pass.
BUILD: [00:0000000019:PROGC ] Analyzing project dependency information for pass ASN.
BUILD: [00:0000000020:PROGC ] Starting THUNK Pass.
BUILD: [00:0000000021:PROGC ] Analyzing project dependency information for pass THUNK.
BUILD: [00:0000000022:PROGC ] Starting PRECOMPHEADER Pass.
BUILD: [00:0000000023:PROGC ] Analyzing project dependency information for pass PRECOMPHEADER.
BUILD: [00:0000000024:PROGC ] Starting COMPILE Pass.
BUILD: [00:0000000025:PROGC ] Analyzing project dependency information for pass COMPILE.
BUILD: [00:0000000028:PROGC ] Building COMPILE Pass in E:\WINCE700\public\common\oak\drivers\usb\class\usbser\ directory.
BUILD: [01:0000000041:PROGC ] Compiling .\usbser.cpp .\userdev.cpp
BUILD: [00:0000000046:PROGC ] Starting LOCALIZE Pass.
BUILD: [00:0000000047:PROGC ] Analyzing project dependency information for pass LOCALIZE.
BUILD: [00:0000000048:PROGC ] Starting RENUMBERICONIDS Pass.
BUILD: [00:0000000049:PROGC ] Analyzing project dependency information for pass RENUMBERICONIDS.
BUILD: [00:0000000050:PROGC ] Starting RES2RES Pass.
BUILD: [00:0000000051:PROGC ] Analyzing project dependency information for pass RES2RES.
BUILD: [00:0000000052:PROGC ] Starting LIB Pass.
BUILD: [00:0000000053:PROGC ] Analyzing project dependency information for pass LIB.
BUILD: [00:0000000054:PROGC ] Starting EXPLIB Pass.
BUILD: [00:0000000055:PROGC ] Analyzing project dependency information for pass EXPLIB.
BUILD: [00:0000000062:PROGC ] Building EXPLIB Pass in E:\WINCE700\public\common\oak\drivers\usb\class\usbser\ directory.
BUILD: [01:0000000075:PROGC ] Linking E:\WINCE700\public\COMMON\oak\lib\ARMV5\retail\USBSER.lib
BUILD: [00:0000000104:PROGC ] Starting LINK Pass.
BUILD: [00:0000000105:PROGC ] Analyzing project dependency information for pass LINK.
BUILD: [00:0000000118:PROGC ] Building LINK Pass in E:\WINCE700\public\common\oak\drivers\usb\class\usbser\ directory.
BUILD: [01:0000000132:PROGC ] Linking E:\WINCE700\public\COMMON\oak\target\ARMV5\retail\USBSER.dll
BUILD: [00:0000000168:PROGC ] Starting MANAGEDRESX Pass.
BUILD: [00:0000000169:PROGC ] Analyzing project dependency information for pass MANAGEDRESX.
BUILD: [00:0000000170:PROGC ] Starting MANAGEDMOD Pass.
BUILD: [00:0000000171:PROGC ] Analyzing project dependency information for pass MANAGEDMOD.
BUILD: [00:0000000172:PROGC ] Starting MANAGEDDLL Pass.
BUILD: [00:0000000173:PROGC ] Analyzing project dependency information for pass MANAGEDDLL.
BUILD: [00:0000000174:PROGC ] Starting MANAGEDEXE Pass.
BUILD: [00:0000000175:PROGC ] Analyzing project dependency information for pass MANAGEDEXE.
BUILD: [00:0000000176:PROGC ] Starting MANAGEDWIN Pass.
BUILD: [00:0000000177:PROGC ] Analyzing project dependency information for pass MANAGEDWIN.
BUILD: [00:0000000178:PROGC ] Starting POSTBUILD Pass.
BUILD: [00:0000000179:PROGC ] Analyzing project dependency information for pass POSTBUILD.
BUILD: [00:0000000180:PROGC ] Saving E:\WINCE700\public\common\BuildARMV5retail.dat.
BUILD: [00:0000000182:PROGC ] Done.
BUILD: [00:0000000183:PROGC ]                        Files  Warnings  Errors
BUILD: [00:0000000184:PROGC ] Midl                       0         0       0
BUILD: [00:0000000185:PROGC ] Message                    0         0       0
BUILD: [00:0000000186:PROGC ] Precomp Header             0         0       0
BUILD: [00:0000000187:PROGC ] Resource                   0         0       0
BUILD: [00:0000000188:PROGC ] XRPack                     0         0       0
BUILD: [00:0000000189:PROGC ] MASM                       0         0       0
BUILD: [00:0000000190:PROGC ] SHASM                      0         0       0
BUILD: [00:0000000191:PROGC ] ARMASM                     0         0       0
BUILD: [00:0000000192:PROGC ] MIPSASM                    0         0       0
BUILD: [00:0000000193:PROGC ] C++                        1         0       0
BUILD: [00:0000000194:PROGC ] C                          0         0       0
BUILD: [00:0000000195:PROGC ] CheckLibs                  0         0       0
BUILD: [00:0000000196:PROGC ] Static Libraries           0         0       0
BUILD: [00:0000000197:PROGC ] Exe's                      0         0       0
BUILD: [00:0000000198:PROGC ] Dll's                      2         0       0
BUILD: [00:0000000199:PROGC ] Preprocess deffile         0         0       0
BUILD: [00:0000000200:PROGC ] Resx                       0         0       0
BUILD: [00:0000000201:PROGC ] CSharp Compile             0         0       0
BUILD: [00:0000000202:PROGC ] VCProj Compile             0         0       0
BUILD: [00:0000000203:PROGC ] Other                      0         0       0
BUILD: [00:0000000204:PROGC ] 
BUILD: [00:0000000205:PROGC ] Total                      3         0       0
BUILD: [00:0000000206:PROGC ] 
BUILD: [00:0000000207:PROGC ] 0 Warnings,  0 Errors
BUILD: [00:0000000208:PROGC ] GetSystemTimes (seconds): Idle: 30    Kernel: 34    User: 6    
BUILD: [00:0000000209:PROGC ] Elapsed  time  (seconds): 20   
  MAKEIMG: BUILDMSG: Calling E:\WINCE700\public\common\oak\misc\pbpremakeimg.bat
  PBPreMakeImg: BUILDMSG: Generating OS design Custom makeimg build step batch Files to E:\WINCE700\OSDesigns\Alioth_Sample_OSDesign\Alioth_Sample_OSDesign\Wince700\Alioth_ARMV5_Retail\oak
  PBPreMakeImg: BUILDMSG: Done Generating OS design Custom makeimg build step batch Files 
  MAKEIMG: BUILDMSG: Generating NLS File
  MAKEIMG: BUILDMSG: Calling FMerge for registry files
  MAKEIMG: BUILDMSG: Calling FMerge for db files
  MAKEIMG: BUILDMSG: Calling E:\WINCE700\OSDesigns\Alioth_Sample_OSDesign\Alioth_Sample_OSDesign\RelDir\Alioth_ARMV5_Release\winceos-preri.proj
  MAKEIMG: BUILDMSG: Calling E:\WINCE700\OSDesigns\Alioth_Sample_OSDesign\Alioth_Sample_OSDesign\RelDir\Alioth_ARMV5_Release\ossvcs-preri.proj
  MAKEIMG: BUILDMSG: Calling E:\WINCE700\OSDesigns\Alioth_Sample_OSDesign\Alioth_Sample_OSDesign\RelDir\Alioth_ARMV5_Release\Alioth-preri.bat
  MAKEIMG: BUILDMSG: Creating Rom Image
E:\WINCE700\public\common\oak\drivers\usb\class\usbser\bldsys.log(985) :   Warning: Found duplicate entry 'unimodem.dll   NK               E:\WINCE700\OSDesigns\Alioth_Sample_OSDesign\Alioth_Sample_OSDesign\RelDir\Alioth_ARMV5_Release\unimodem.dll 00000007' ... skipping {log="E:\WINCE700\public\common\oak\drivers\usb\class\usbser\bldsys.log(985)"}
E:\WINCE700\public\common\oak\drivers\usb\class\usbser\bldsys.log(1105) :   Warning: Unable to do imports from nk.exe to Alioth_dma_driver.dll - will late bind {log="E:\WINCE700\public\common\oak\drivers\usb\class\usbser\bldsys.log(1105)"}
E:\WINCE700\public\common\oak\drivers\usb\class\usbser\bldsys.log(1106) :   Warning: Unable to do imports from BlurEffect.dll to LIBEGL.dll - will late bind {log="E:\WINCE700\public\common\oak\drivers\usb\class\usbser\bldsys.log(1106)"}
E:\WINCE700\public\common\oak\drivers\usb\class\usbser\bldsys.log(1107) :   Warning: Unable to do imports from BlurEffect.dll to LIBGLESV2.dll - will late bind {log="E:\WINCE700\public\common\oak\drivers\usb\class\usbser\bldsys.log(1107)"}
E:\WINCE700\public\common\oak\drivers\usb\class\usbser\bldsys.log(1108) :   Warning: Unable to do imports from DropShadowEffect.dll to LIBEGL.dll - will late bind {log="E:\WINCE700\public\common\oak\drivers\usb\class\usbser\bldsys.log(1108)"}
E:\WINCE700\public\common\oak\drivers\usb\class\usbser\bldsys.log(1109) :   Warning: Unable to do imports from DropShadowEffect.dll to LIBGLESV2.dll - will late bind {log="E:\WINCE700\public\common\oak\drivers\usb\class\usbser\bldsys.log(1109)"}
E:\WINCE700\public\common\oak\drivers\usb\class\usbser\bldsys.log(1110) :   Warning: Unable to do imports from RippleEffect.dll to LIBEGL.dll - will late bind {log="E:\WINCE700\public\common\oak\drivers\usb\class\usbser\bldsys.log(1110)"}
E:\WINCE700\public\common\oak\drivers\usb\class\usbser\bldsys.log(1111) :   Warning: Unable to do imports from RippleEffect.dll to LIBGLESV2.dll - will late bind {log="E:\WINCE700\public\common\oak\drivers\usb\class\usbser\bldsys.log(1111)"}
E:\WINCE700\public\common\oak\drivers\usb\class\usbser\bldsys.log(1112) :   Warning: Unable to do imports from ppp.dll to RSAENH.dll - will late bind {log="E:\WINCE700\public\common\oak\drivers\usb\class\usbser\bldsys.log(1112)"}
E:\WINCE700\public\common\oak\drivers\usb\class\usbser\bldsys.log(1113) :   Warning: Unable to do imports from cxport.dll to bcrypt.dll - will late bind {log="E:\WINCE700\public\common\oak\drivers\usb\class\usbser\bldsys.log(1113)"}
E:\WINCE700\public\common\oak\drivers\usb\class\usbser\bldsys.log(1114) :   Warning: Unable to do imports from k.cxport.dll to bcrypt.dll - will late bind {log="E:\WINCE700\public\common\oak\drivers\usb\class\usbser\bldsys.log(1114)"}
E:\WINCE700\public\common\oak\drivers\usb\class\usbser\bldsys.log(1115) :   Warning: Unable to do imports from schannel.dll to bcrypt.dll - will late bind {log="E:\WINCE700\public\common\oak\drivers\usb\class\usbser\bldsys.log(1115)"}
E:\WINCE700\public\common\oak\drivers\usb\class\usbser\bldsys.log(1116) :   Warning: Unable to do imports from k.schannel.dll to bcrypt.dll - will late bind {log="E:\WINCE700\public\common\oak\drivers\usb\class\usbser\bldsys.log(1116)"}
E:\WINCE700\public\common\oak\drivers\usb\class\usbser\bldsys.log(1117) :   Warning: Unable to do imports from afd.dll to bcrypt.dll - will late bind {log="E:\WINCE700\public\common\oak\drivers\usb\class\usbser\bldsys.log(1117)"}
E:\WINCE700\public\common\oak\drivers\usb\class\usbser\bldsys.log(1118) :   Warning: Unable to do imports from dhcp.dll to bcrypt.dll - will late bind {log="E:\WINCE700\public\common\oak\drivers\usb\class\usbser\bldsys.log(1118)"}
E:\WINCE700\public\common\oak\drivers\usb\class\usbser\bldsys.log(1119) :   Warning: Unable to do imports from tcpip.dll to bcrypt.dll - will late bind {log="E:\WINCE700\public\common\oak\drivers\usb\class\usbser\bldsys.log(1119)"}
E:\WINCE700\public\common\oak\drivers\usb\class\usbser\bldsys.log(1120) :   Warning: Unable to do imports from redir.dll to bcrypt.dll - will late bind {log="E:\WINCE700\public\common\oak\drivers\usb\class\usbser\bldsys.log(1120)"}
E:\WINCE700\public\common\oak\drivers\usb\class\usbser\bldsys.log(1121) :   Warning: Unable to do imports from lpcrt.dll to bcrypt.dll - will late bind {log="E:\WINCE700\public\common\oak\drivers\usb\class\usbser\bldsys.log(1121)"}
E:\WINCE700\public\common\oak\drivers\usb\class\usbser\bldsys.log(1122) :   Warning: Unable to do imports from rpcrt4.dll to bcrypt.dll - will late bind {log="E:\WINCE700\public\common\oak\drivers\usb\class\usbser\bldsys.log(1122)"}
E:\WINCE700\public\common\oak\drivers\usb\class\usbser\bldsys.log(1123) :   Warning: Unable to do imports from k.rpcrt4.dll to bcrypt.dll - will late bind {log="E:\WINCE700\public\common\oak\drivers\usb\class\usbser\bldsys.log(1123)"}
E:\WINCE700\public\common\oak\drivers\usb\class\usbser\bldsys.log(1124) :   Warning: Unable to do imports from CmService.dll to bcrypt.dll - will late bind {log="E:\WINCE700\public\common\oak\drivers\usb\class\usbser\bldsys.log(1124)"}
E:\WINCE700\public\common\oak\drivers\usb\class\usbser\bldsys.log(1125) :   Warning: Unable to do imports from kerberos.dll to RSAENH.dll - will late bind {log="E:\WINCE700\public\common\oak\drivers\usb\class\usbser\bldsys.log(1125)"}
E:\WINCE700\public\common\oak\drivers\usb\class\usbser\bldsys.log(1126) :   Warning: Unable to do imports from k.kerberos.dll to RSAENH.dll - will late bind {log="E:\WINCE700\public\common\oak\drivers\usb\class\usbser\bldsys.log(1126)"}
E:\WINCE700\public\common\oak\drivers\usb\class\usbser\bldsys.log(1127) :   Warning: Unable to do imports from crypt32.dll to RSAENH.dll - will late bind {log="E:\WINCE700\public\common\oak\drivers\usb\class\usbser\bldsys.log(1127)"}
E:\WINCE700\public\common\oak\drivers\usb\class\usbser\bldsys.log(1128) :   Warning: Unable to do imports from k.crypt32.dll to RSAENH.dll - will late bind {log="E:\WINCE700\public\common\oak\drivers\usb\class\usbser\bldsys.log(1128)"}
E:\WINCE700\public\common\oak\drivers\usb\class\usbser\bldsys.log(1129) :   Warning: Unable to do imports from cryptdll.dll to RSAENH.dll - will late bind {log="E:\WINCE700\public\common\oak\drivers\usb\class\usbser\bldsys.log(1129)"}
E:\WINCE700\public\common\oak\drivers\usb\class\usbser\bldsys.log(1130) :   Warning: Unable to do imports from cryptdll.dll to bcrypt.dll - will late bind {log="E:\WINCE700\public\common\oak\drivers\usb\class\usbser\bldsys.log(1130)"}
E:\WINCE700\public\common\oak\drivers\usb\class\usbser\bldsys.log(1131) :   Warning: Unable to do imports from k.cryptdll.dll to RSAENH.dll - will late bind {log="E:\WINCE700\public\common\oak\drivers\usb\class\usbser\bldsys.log(1131)"}
E:\WINCE700\public\common\oak\drivers\usb\class\usbser\bldsys.log(1132) :   Warning: Unable to do imports from k.cryptdll.dll to bcrypt.dll - will late bind {log="E:\WINCE700\public\common\oak\drivers\usb\class\usbser\bldsys.log(1132)"}
E:\WINCE700\public\common\oak\drivers\usb\class\usbser\bldsys.log(1133) :   Warning: Unable to do imports from credssp.dll to RSAENH.dll - will late bind {log="E:\WINCE700\public\common\oak\drivers\usb\class\usbser\bldsys.log(1133)"}
E:\WINCE700\public\common\oak\drivers\usb\class\usbser\bldsys.log(1134) :   Warning: Unable to do imports from credssp.dll to bcrypt.dll - will late bind {log="E:\WINCE700\public\common\oak\drivers\usb\class\usbser\bldsys.log(1134)"}
E:\WINCE700\public\common\oak\drivers\usb\class\usbser\bldsys.log(1135) :   Warning: Unable to do imports from k.credssp.dll to RSAENH.dll - will late bind {log="E:\WINCE700\public\common\oak\drivers\usb\class\usbser\bldsys.log(1135)"}
E:\WINCE700\public\common\oak\drivers\usb\class\usbser\bldsys.log(1136) :   Warning: Unable to do imports from k.credssp.dll to bcrypt.dll - will late bind {log="E:\WINCE700\public\common\oak\drivers\usb\class\usbser\bldsys.log(1136)"}
E:\WINCE700\public\common\oak\drivers\usb\class\usbser\bldsys.log(1137) :   Warning: Unable to do imports from rpcrt4legacy.dll to bcrypt.dll - will late bind {log="E:\WINCE700\public\common\oak\drivers\usb\class\usbser\bldsys.log(1137)"}
E:\WINCE700\public\common\oak\drivers\usb\class\usbser\bldsys.log(1138) :   Warning: Unable to do imports from k.oleaut32.dll to k.ole32 - will late bind {log="E:\WINCE700\public\common\oak\drivers\usb\class\usbser\bldsys.log(1138)"}
E:\WINCE700\public\common\oak\drivers\usb\class\usbser\bldsys.log(1139) :   Warning: Unable to do imports from wsdapi.dll to bcrypt.dll - will late bind {log="E:\WINCE700\public\common\oak\drivers\usb\class\usbser\bldsys.log(1139)"}
E:\WINCE700\public\common\oak\drivers\usb\class\usbser\bldsys.log(1140) :   Warning: Unable to do imports from metabaseservice.dll to bcrypt.dll - will late bind {log="E:\WINCE700\public\common\oak\drivers\usb\class\usbser\bldsys.log(1140)"}
E:\WINCE700\public\common\oak\drivers\usb\class\usbser\bldsys.log(1141) :   Warning: Unable to do imports from mstscax.dll to CREDUI.dll - will late bind {log="E:\WINCE700\public\common\oak\drivers\usb\class\usbser\bldsys.log(1141)"}
E:\WINCE700\public\common\oak\drivers\usb\class\usbser\bldsys.log(1142) :   Warning: Unable to do imports from cetsc.exe to CREDUI.dll - will late bind {log="E:\WINCE700\public\common\oak\drivers\usb\class\usbser\bldsys.log(1142)"}
E:\WINCE700\public\common\oak\drivers\usb\class\usbser\bldsys.log(1143) :   Warning: Unable to do imports from pictorservice.dll to bcrypt.dll - will late bind {log="E:\WINCE700\public\common\oak\drivers\usb\class\usbser\bldsys.log(1143)"}
E:\WINCE700\public\common\oak\drivers\usb\class\usbser\bldsys.log(1144) :   Warning: Unable to do imports from rapiclnt.exe to bcrypt.dll - will late bind {log="E:\WINCE700\public\common\oak\drivers\usb\class\usbser\bldsys.log(1144)"}
E:\WINCE700\public\common\oak\drivers\usb\class\usbser\bldsys.log(1145) :   Warning: Unable to do imports from shptutil.dll to bcrypt.dll - will late bind {log="E:\WINCE700\public\common\oak\drivers\usb\class\usbser\bldsys.log(1145)"}
E:\WINCE700\public\common\oak\drivers\usb\class\usbser\bldsys.log(1146) :   Warning: Unable to do imports from k.Alioth_I2C.dll to Alioth_GPIO.dll - will late bind {log="E:\WINCE700\public\common\oak\drivers\usb\class\usbser\bldsys.log(1146)"}
E:\WINCE700\public\common\oak\drivers\usb\class\usbser\bldsys.log(1147) :   Warning: Unable to do imports from k.Alioth_nandflsh.dll to Alioth_dma_driver.dll - will late bind {log="E:\WINCE700\public\common\oak\drivers\usb\class\usbser\bldsys.log(1147)"}
E:\WINCE700\public\common\oak\drivers\usb\class\usbser\bldsys.log(1148) :   Warning: Unable to do imports from k.Alioth_PMIC.dll to Alioth_PI2C.dll - will late bind {log="E:\WINCE700\public\common\oak\drivers\usb\class\usbser\bldsys.log(1148)"}
E:\WINCE700\public\common\oak\drivers\usb\class\usbser\bldsys.log(1149) :   Warning: Unable to do imports from k.Alioth_ohci2.dll to Alioth_GPIO.dll - will late bind {log="E:\WINCE700\public\common\oak\drivers\usb\class\usbser\bldsys.log(1149)"}
E:\WINCE700\public\common\oak\drivers\usb\class\usbser\bldsys.log(1150) :   Warning: Unable to do imports from Alioth_usb20fn.dll to Alioth_GPIO.dll - will late bind {log="E:\WINCE700\public\common\oak\drivers\usb\class\usbser\bldsys.log(1150)"}
E:\WINCE700\public\common\oak\drivers\usb\class\usbser\bldsys.log(1151) :   Warning: Unable to do imports from k.Alioth_serial.dll to Alioth_dma_driver.dll - will late bind {log="E:\WINCE700\public\common\oak\drivers\usb\class\usbser\bldsys.log(1151)"}
E:\WINCE700\public\common\oak\drivers\usb\class\usbser\bldsys.log(1152) :   Warning: Unable to do imports from k.Alioth_serial.dll to Alioth_GPIO.dll - will late bind {log="E:\WINCE700\public\common\oak\drivers\usb\class\usbser\bldsys.log(1152)"}
E:\WINCE700\public\common\oak\drivers\usb\class\usbser\bldsys.log(1153) :   Warning: Unable to do imports from k.Alioth_Quart.dll to Alioth_GPIO.dll - will late bind {log="E:\WINCE700\public\common\oak\drivers\usb\class\usbser\bldsys.log(1153)"}
E:\WINCE700\public\common\oak\drivers\usb\class\usbser\bldsys.log(1154) :   Warning: Unable to do imports from k.Alioth_codec.dll to Alioth_GPIO.dll - will late bind {log="E:\WINCE700\public\common\oak\drivers\usb\class\usbser\bldsys.log(1154)"}
E:\WINCE700\public\common\oak\drivers\usb\class\usbser\bldsys.log(1155) :   Warning: Unable to do imports from k.Alioth_ASIX88796.dll to Alioth_GPIO.dll - will late bind {log="E:\WINCE700\public\common\oak\drivers\usb\class\usbser\bldsys.log(1155)"}
E:\WINCE700\public\common\oak\drivers\usb\class\usbser\bldsys.log(1156) :   Warning: Unable to do imports from k.Alioth_ASIX88796.dll to Alioth_dma_driver.dll - will late bind {log="E:\WINCE700\public\common\oak\drivers\usb\class\usbser\bldsys.log(1156)"}
E:\WINCE700\public\common\oak\drivers\usb\class\usbser\bldsys.log(1157) :   Warning: Unable to do imports from k.Alioth_sdhc.dll to Alioth_dma_driver.dll - will late bind {log="E:\WINCE700\public\common\oak\drivers\usb\class\usbser\bldsys.log(1157)"}
E:\WINCE700\public\common\oak\drivers\usb\class\usbser\bldsys.log(1158) :   Warning: Unable to do imports from k.Alioth_sdhc.dll to Alioth_GPIO.dll - will late bind {log="E:\WINCE700\public\common\oak\drivers\usb\class\usbser\bldsys.log(1158)"}
E:\WINCE700\public\common\oak\drivers\usb\class\usbser\bldsys.log(1159) :   Warning: Unable to do imports from k.Alioth_SPI.dll to Alioth_GPIO.dll - will late bind {log="E:\WINCE700\public\common\oak\drivers\usb\class\usbser\bldsys.log(1159)"}
E:\WINCE700\public\common\oak\drivers\usb\class\usbser\bldsys.log(1160) :   Warning: Unable to do imports from k.Alioth_CAN.dll to Alioth_GPIO.dll - will late bind {log="E:\WINCE700\public\common\oak\drivers\usb\class\usbser\bldsys.log(1160)"}
E:\WINCE700\public\common\oak\drivers\usb\class\usbser\bldsys.log(1161) :   Warning: Unable to do imports from k.Alioth_ADC.dll to Alioth_SPI.dll - will late bind {log="E:\WINCE700\public\common\oak\drivers\usb\class\usbser\bldsys.log(1161)"}
E:\WINCE700\public\common\oak\drivers\usb\class\usbser\bldsys.log(1162) :   Warning: Unable to do imports from k.Alioth_emcr.dll to Alioth_GPIO.dll - will late bind {log="E:\WINCE700\public\common\oak\drivers\usb\class\usbser\bldsys.log(1162)"}
E:\WINCE700\public\common\oak\drivers\usb\class\usbser\bldsys.log(1163) :   Warning: Unable to do imports from k.Alioth_battdrvr.dll to Alioth_GPIO.dll - will late bind {log="E:\WINCE700\public\common\oak\drivers\usb\class\usbser\bldsys.log(1163)"}
E:\WINCE700\public\common\oak\drivers\usb\class\usbser\bldsys.log(1164) :   Warning: Unable to do imports from k.Alioth_DFM.dll to Alioth_PMIC.dll - will late bind {log="E:\WINCE700\public\common\oak\drivers\usb\class\usbser\bldsys.log(1164)"}
E:\WINCE700\public\common\oak\drivers\usb\class\usbser\bldsys.log(1165) :   Warning: Unable to do imports from k.Alioth_lcd.dll to Alioth_GPIO.dll - will late bind {log="E:\WINCE700\public\common\oak\drivers\usb\class\usbser\bldsys.log(1165)"}
E:\WINCE700\public\common\oak\drivers\usb\class\usbser\bldsys.log(1166) :   Warning: Unable to do imports from k.Alioth_bl.dll to Alioth_GPIO.dll - will late bind {log="E:\WINCE700\public\common\oak\drivers\usb\class\usbser\bldsys.log(1166)"}
E:\WINCE700\public\common\oak\drivers\usb\class\usbser\bldsys.log(1167) :   Warning: Unable to do imports from k.Alioth_bl.dll to Alioth_I2C.dll - will late bind {log="E:\WINCE700\public\common\oak\drivers\usb\class\usbser\bldsys.log(1167)"}
E:\WINCE700\public\common\oak\drivers\usb\class\usbser\bldsys.log(1168) :   Warning: Unable to do imports from k.Alioth_e2prom.dll to Alioth_I2C.dll - will late bind {log="E:\WINCE700\public\common\oak\drivers\usb\class\usbser\bldsys.log(1168)"}
E:\WINCE700\public\common\oak\drivers\usb\class\usbser\bldsys.log(1169) :   Warning: Unable to do imports from k.Alioth_ISP1760.dll to Alioth_dma_driver.dll - will late bind {log="E:\WINCE700\public\common\oak\drivers\usb\class\usbser\bldsys.log(1169)"}
E:\WINCE700\public\common\oak\drivers\usb\class\usbser\bldsys.log(1170) :   Warning: Unable to do imports from k.Alioth_ISP1760.dll to Alioth_GPIO.dll - will late bind {log="E:\WINCE700\public\common\oak\drivers\usb\class\usbser\bldsys.log(1170)"}
E:\WINCE700\public\common\oak\drivers\usb\class\usbser\bldsys.log(1520) :   Warning: Unable to do imports from nk.exe to Alioth_dma_driver.dll - will late bind {log="E:\WINCE700\public\common\oak\drivers\usb\class\usbser\bldsys.log(1520)"}
E:\WINCE700\public\common\oak\drivers\usb\class\usbser\bldsys.log(1525) :   Warning: Unable to do imports from BlurEffect.dll to LIBEGL.dll - will late bind {log="E:\WINCE700\public\common\oak\drivers\usb\class\usbser\bldsys.log(1525)"}
E:\WINCE700\public\common\oak\drivers\usb\class\usbser\bldsys.log(1526) :   Warning: Unable to do imports from BlurEffect.dll to LIBGLESV2.dll - will late bind {log="E:\WINCE700\public\common\oak\drivers\usb\class\usbser\bldsys.log(1526)"}
E:\WINCE700\public\common\oak\drivers\usb\class\usbser\bldsys.log(1527) :   Warning: Unable to do imports from DropShadowEffect.dll to LIBEGL.dll - will late bind {log="E:\WINCE700\public\common\oak\drivers\usb\class\usbser\bldsys.log(1527)"}
E:\WINCE700\public\common\oak\drivers\usb\class\usbser\bldsys.log(1528) :   Warning: Unable to do imports from DropShadowEffect.dll to LIBGLESV2.dll - will late bind {log="E:\WINCE700\public\common\oak\drivers\usb\class\usbser\bldsys.log(1528)"}
E:\WINCE700\public\common\oak\drivers\usb\class\usbser\bldsys.log(1529) :   Warning: Unable to do imports from RippleEffect.dll to LIBEGL.dll - will late bind {log="E:\WINCE700\public\common\oak\drivers\usb\class\usbser\bldsys.log(1529)"}
E:\WINCE700\public\common\oak\drivers\usb\class\usbser\bldsys.log(1530) :   Warning: Unable to do imports from RippleEffect.dll to LIBGLESV2.dll - will late bind {log="E:\WINCE700\public\common\oak\drivers\usb\class\usbser\bldsys.log(1530)"}
E:\WINCE700\public\common\oak\drivers\usb\class\usbser\bldsys.log(1531) :   Warning: Unable to do imports from ppp.dll to RSAENH.dll - will late bind {log="E:\WINCE700\public\common\oak\drivers\usb\class\usbser\bldsys.log(1531)"}
E:\WINCE700\public\common\oak\drivers\usb\class\usbser\bldsys.log(1532) :   Warning: Unable to do imports from cxport.dll to bcrypt.dll - will late bind {log="E:\WINCE700\public\common\oak\drivers\usb\class\usbser\bldsys.log(1532)"}
E:\WINCE700\public\common\oak\drivers\usb\class\usbser\bldsys.log(1533) :   Warning: Unable to do imports from k.cxport.dll to bcrypt.dll - will late bind {log="E:\WINCE700\public\common\oak\drivers\usb\class\usbser\bldsys.log(1533)"}
E:\WINCE700\public\common\oak\drivers\usb\class\usbser\bldsys.log(1534) :   Warning: Unable to do imports from schannel.dll to bcrypt.dll - will late bind {log="E:\WINCE700\public\common\oak\drivers\usb\class\usbser\bldsys.log(1534)"}
E:\WINCE700\public\common\oak\drivers\usb\class\usbser\bldsys.log(1535) :   Warning: Unable to do imports from k.schannel.dll to bcrypt.dll - will late bind {log="E:\WINCE700\public\common\oak\drivers\usb\class\usbser\bldsys.log(1535)"}
E:\WINCE700\public\common\oak\drivers\usb\class\usbser\bldsys.log(1536) :   Warning: Unable to do imports from afd.dll to bcrypt.dll - will late bind {log="E:\WINCE700\public\common\oak\drivers\usb\class\usbser\bldsys.log(1536)"}
E:\WINCE700\public\common\oak\drivers\usb\class\usbser\bldsys.log(1537) :   Warning: Unable to do imports from dhcp.dll to bcrypt.dll - will late bind {log="E:\WINCE700\public\common\oak\drivers\usb\class\usbser\bldsys.log(1537)"}
E:\WINCE700\public\common\oak\drivers\usb\class\usbser\bldsys.log(1538) :   Warning: Unable to do imports from tcpip.dll to bcrypt.dll - will late bind {log="E:\WINCE700\public\common\oak\drivers\usb\class\usbser\bldsys.log(1538)"}
E:\WINCE700\public\common\oak\drivers\usb\class\usbser\bldsys.log(1539) :   Warning: Unable to do imports from redir.dll to bcrypt.dll - will late bind {log="E:\WINCE700\public\common\oak\drivers\usb\class\usbser\bldsys.log(1539)"}
E:\WINCE700\public\common\oak\drivers\usb\class\usbser\bldsys.log(1540) :   Warning: Unable to do imports from lpcrt.dll to bcrypt.dll - will late bind {log="E:\WINCE700\public\common\oak\drivers\usb\class\usbser\bldsys.log(1540)"}
E:\WINCE700\public\common\oak\drivers\usb\class\usbser\bldsys.log(1541) :   Warning: Unable to do imports from rpcrt4.dll to bcrypt.dll - will late bind {log="E:\WINCE700\public\common\oak\drivers\usb\class\usbser\bldsys.log(1541)"}
E:\WINCE700\public\common\oak\drivers\usb\class\usbser\bldsys.log(1542) :   Warning: Unable to do imports from k.rpcrt4.dll to bcrypt.dll - will late bind {log="E:\WINCE700\public\common\oak\drivers\usb\class\usbser\bldsys.log(1542)"}
E:\WINCE700\public\common\oak\drivers\usb\class\usbser\bldsys.log(1543) :   Warning: Unable to do imports from CmService.dll to bcrypt.dll - will late bind {log="E:\WINCE700\public\common\oak\drivers\usb\class\usbser\bldsys.log(1543)"}
E:\WINCE700\public\common\oak\drivers\usb\class\usbser\bldsys.log(1544) :   Warning: Unable to do imports from kerberos.dll to RSAENH.dll - will late bind {log="E:\WINCE700\public\common\oak\drivers\usb\class\usbser\bldsys.log(1544)"}
E:\WINCE700\public\common\oak\drivers\usb\class\usbser\bldsys.log(1545) :   Warning: Unable to do imports from k.kerberos.dll to RSAENH.dll - will late bind {log="E:\WINCE700\public\common\oak\drivers\usb\class\usbser\bldsys.log(1545)"}
E:\WINCE700\public\common\oak\drivers\usb\class\usbser\bldsys.log(1546) :   Warning: Unable to do imports from crypt32.dll to RSAENH.dll - will late bind {log="E:\WINCE700\public\common\oak\drivers\usb\class\usbser\bldsys.log(1546)"}
E:\WINCE700\public\common\oak\drivers\usb\class\usbser\bldsys.log(1547) :   Warning: Unable to do imports from k.crypt32.dll to RSAENH.dll - will late bind {log="E:\WINCE700\public\common\oak\drivers\usb\class\usbser\bldsys.log(1547)"}
E:\WINCE700\public\common\oak\drivers\usb\class\usbser\bldsys.log(1548) :   Warning: Unable to do imports from cryptdll.dll to RSAENH.dll - will late bind {log="E:\WINCE700\public\common\oak\drivers\usb\class\usbser\bldsys.log(1548)"}
E:\WINCE700\public\common\oak\drivers\usb\class\usbser\bldsys.log(1549) :   Warning: Unable to do imports from cryptdll.dll to bcrypt.dll - will late bind {log="E:\WINCE700\public\common\oak\drivers\usb\class\usbser\bldsys.log(1549)"}
E:\WINCE700\public\common\oak\drivers\usb\class\usbser\bldsys.log(1550) :   Warning: Unable to do imports from k.cryptdll.dll to RSAENH.dll - will late bind {log="E:\WINCE700\public\common\oak\drivers\usb\class\usbser\bldsys.log(1550)"}
E:\WINCE700\public\common\oak\drivers\usb\class\usbser\bldsys.log(1551) :   Warning: Unable to do imports from k.cryptdll.dll to bcrypt.dll - will late bind {log="E:\WINCE700\public\common\oak\drivers\usb\class\usbser\bldsys.log(1551)"}
E:\WINCE700\public\common\oak\drivers\usb\class\usbser\bldsys.log(1552) :   Warning: Unable to do imports from credssp.dll to RSAENH.dll - will late bind {log="E:\WINCE700\public\common\oak\drivers\usb\class\usbser\bldsys.log(1552)"}
E:\WINCE700\public\common\oak\drivers\usb\class\usbser\bldsys.log(1553) :   Warning: Unable to do imports from credssp.dll to bcrypt.dll - will late bind {log="E:\WINCE700\public\common\oak\drivers\usb\class\usbser\bldsys.log(1553)"}
E:\WINCE700\public\common\oak\drivers\usb\class\usbser\bldsys.log(1554) :   Warning: Unable to do imports from k.credssp.dll to RSAENH.dll - will late bind {log="E:\WINCE700\public\common\oak\drivers\usb\class\usbser\bldsys.log(1554)"}
E:\WINCE700\public\common\oak\drivers\usb\class\usbser\bldsys.log(1555) :   Warning: Unable to do imports from k.credssp.dll to bcrypt.dll - will late bind {log="E:\WINCE700\public\common\oak\drivers\usb\class\usbser\bldsys.log(1555)"}
E:\WINCE700\public\common\oak\drivers\usb\class\usbser\bldsys.log(1556) :   Warning: Unable to do imports from rpcrt4legacy.dll to bcrypt.dll - will late bind {log="E:\WINCE700\public\common\oak\drivers\usb\class\usbser\bldsys.log(1556)"}
E:\WINCE700\public\common\oak\drivers\usb\class\usbser\bldsys.log(1557) :   Warning: Unable to do imports from k.oleaut32.dll to k.ole32 - will late bind {log="E:\WINCE700\public\common\oak\drivers\usb\class\usbser\bldsys.log(1557)"}
E:\WINCE700\public\common\oak\drivers\usb\class\usbser\bldsys.log(1558) :   Warning: Unable to do imports from wsdapi.dll to bcrypt.dll - will late bind {log="E:\WINCE700\public\common\oak\drivers\usb\class\usbser\bldsys.log(1558)"}
E:\WINCE700\public\common\oak\drivers\usb\class\usbser\bldsys.log(1561) :   Warning: Unable to do imports from metabaseservice.dll to bcrypt.dll - will late bind {log="E:\WINCE700\public\common\oak\drivers\usb\class\usbser\bldsys.log(1561)"}
E:\WINCE700\public\common\oak\drivers\usb\class\usbser\bldsys.log(1563) :   Warning: Unable to do imports from mstscax.dll to CREDUI.dll - will late bind {log="E:\WINCE700\public\common\oak\drivers\usb\class\usbser\bldsys.log(1563)"}
E:\WINCE700\public\common\oak\drivers\usb\class\usbser\bldsys.log(1564) :   Warning: Unable to do imports from cetsc.exe to CREDUI.dll - will late bind {log="E:\WINCE700\public\common\oak\drivers\usb\class\usbser\bldsys.log(1564)"}
E:\WINCE700\public\common\oak\drivers\usb\class\usbser\bldsys.log(1565) :   Warning: Unable to do imports from pictorservice.dll to bcrypt.dll - will late bind {log="E:\WINCE700\public\common\oak\drivers\usb\class\usbser\bldsys.log(1565)"}
E:\WINCE700\public\common\oak\drivers\usb\class\usbser\bldsys.log(1566) :   Warning: Unable to do imports from rapiclnt.exe to bcrypt.dll - will late bind {log="E:\WINCE700\public\common\oak\drivers\usb\class\usbser\bldsys.log(1566)"}
E:\WINCE700\public\common\oak\drivers\usb\class\usbser\bldsys.log(1567) :   Warning: Unable to do imports from shptutil.dll to bcrypt.dll - will late bind {log="E:\WINCE700\public\common\oak\drivers\usb\class\usbser\bldsys.log(1567)"}
E:\WINCE700\public\common\oak\drivers\usb\class\usbser\bldsys.log(1569) :   Warning: Unable to do imports from k.Alioth_I2C.dll to Alioth_GPIO.dll - will late bind {log="E:\WINCE700\public\common\oak\drivers\usb\class\usbser\bldsys.log(1569)"}
E:\WINCE700\public\common\oak\drivers\usb\class\usbser\bldsys.log(1571) :   Warning: Unable to do imports from k.Alioth_nandflsh.dll to Alioth_dma_driver.dll - will late bind {log="E:\WINCE700\public\common\oak\drivers\usb\class\usbser\bldsys.log(1571)"}
E:\WINCE700\public\common\oak\drivers\usb\class\usbser\bldsys.log(1572) :   Warning: Unable to do imports from k.Alioth_PMIC.dll to Alioth_PI2C.dll - will late bind {log="E:\WINCE700\public\common\oak\drivers\usb\class\usbser\bldsys.log(1572)"}
E:\WINCE700\public\common\oak\drivers\usb\class\usbser\bldsys.log(1573) :   Warning: Unable to do imports from k.Alioth_ohci2.dll to Alioth_GPIO.dll - will late bind {log="E:\WINCE700\public\common\oak\drivers\usb\class\usbser\bldsys.log(1573)"}
E:\WINCE700\public\common\oak\drivers\usb\class\usbser\bldsys.log(1574) :   Warning: Unable to do imports from Alioth_usb20fn.dll to Alioth_GPIO.dll - will late bind {log="E:\WINCE700\public\common\oak\drivers\usb\class\usbser\bldsys.log(1574)"}
E:\WINCE700\public\common\oak\drivers\usb\class\usbser\bldsys.log(1575) :   Warning: Unable to do imports from k.Alioth_serial.dll to Alioth_dma_driver.dll - will late bind {log="E:\WINCE700\public\common\oak\drivers\usb\class\usbser\bldsys.log(1575)"}
E:\WINCE700\public\common\oak\drivers\usb\class\usbser\bldsys.log(1576) :   Warning: Unable to do imports from k.Alioth_serial.dll to Alioth_GPIO.dll - will late bind {log="E:\WINCE700\public\common\oak\drivers\usb\class\usbser\bldsys.log(1576)"}
E:\WINCE700\public\common\oak\drivers\usb\class\usbser\bldsys.log(1577) :   Warning: Unable to do imports from k.Alioth_Quart.dll to Alioth_GPIO.dll - will late bind {log="E:\WINCE700\public\common\oak\drivers\usb\class\usbser\bldsys.log(1577)"}
E:\WINCE700\public\common\oak\drivers\usb\class\usbser\bldsys.log(1578) :   Warning: Unable to do imports from k.Alioth_codec.dll to Alioth_GPIO.dll - will late bind {log="E:\WINCE700\public\common\oak\drivers\usb\class\usbser\bldsys.log(1578)"}
E:\WINCE700\public\common\oak\drivers\usb\class\usbser\bldsys.log(1579) :   Warning: Unable to do imports from k.Alioth_ASIX88796.dll to Alioth_GPIO.dll - will late bind {log="E:\WINCE700\public\common\oak\drivers\usb\class\usbser\bldsys.log(1579)"}
E:\WINCE700\public\common\oak\drivers\usb\class\usbser\bldsys.log(1580) :   Warning: Unable to do imports from k.Alioth_ASIX88796.dll to Alioth_dma_driver.dll - will late bind {log="E:\WINCE700\public\common\oak\drivers\usb\class\usbser\bldsys.log(1580)"}
E:\WINCE700\public\common\oak\drivers\usb\class\usbser\bldsys.log(1581) :   Warning: Unable to do imports from k.Alioth_sdhc.dll to Alioth_dma_driver.dll - will late bind {log="E:\WINCE700\public\common\oak\drivers\usb\class\usbser\bldsys.log(1581)"}
E:\WINCE700\public\common\oak\drivers\usb\class\usbser\bldsys.log(1582) :   Warning: Unable to do imports from k.Alioth_sdhc.dll to Alioth_GPIO.dll - will late bind {log="E:\WINCE700\public\common\oak\drivers\usb\class\usbser\bldsys.log(1582)"}
E:\WINCE700\public\common\oak\drivers\usb\class\usbser\bldsys.log(1583) :   Warning: Unable to do imports from k.Alioth_SPI.dll to Alioth_GPIO.dll - will late bind {log="E:\WINCE700\public\common\oak\drivers\usb\class\usbser\bldsys.log(1583)"}
E:\WINCE700\public\common\oak\drivers\usb\class\usbser\bldsys.log(1584) :   Warning: Unable to do imports from k.Alioth_CAN.dll to Alioth_GPIO.dll - will late bind {log="E:\WINCE700\public\common\oak\drivers\usb\class\usbser\bldsys.log(1584)"}
E:\WINCE700\public\common\oak\drivers\usb\class\usbser\bldsys.log(1585) :   Warning: Unable to do imports from k.Alioth_ADC.dll to Alioth_SPI.dll - will late bind {log="E:\WINCE700\public\common\oak\drivers\usb\class\usbser\bldsys.log(1585)"}
E:\WINCE700\public\common\oak\drivers\usb\class\usbser\bldsys.log(1586) :   Warning: Unable to do imports from k.Alioth_emcr.dll to Alioth_GPIO.dll - will late bind {log="E:\WINCE700\public\common\oak\drivers\usb\class\usbser\bldsys.log(1586)"}
E:\WINCE700\public\common\oak\drivers\usb\class\usbser\bldsys.log(1587) :   Warning: Unable to do imports from k.Alioth_battdrvr.dll to Alioth_GPIO.dll - will late bind {log="E:\WINCE700\public\common\oak\drivers\usb\class\usbser\bldsys.log(1587)"}
E:\WINCE700\public\common\oak\drivers\usb\class\usbser\bldsys.log(1588) :   Warning: Unable to do imports from k.Alioth_DFM.dll to Alioth_PMIC.dll - will late bind {log="E:\WINCE700\public\common\oak\drivers\usb\class\usbser\bldsys.log(1588)"}
E:\WINCE700\public\common\oak\drivers\usb\class\usbser\bldsys.log(1589) :   Warning: Unable to do imports from k.Alioth_lcd.dll to Alioth_GPIO.dll - will late bind {log="E:\WINCE700\public\common\oak\drivers\usb\class\usbser\bldsys.log(1589)"}
E:\WINCE700\public\common\oak\drivers\usb\class\usbser\bldsys.log(1590) :   Warning: Unable to do imports from k.Alioth_bl.dll to Alioth_GPIO.dll - will late bind {log="E:\WINCE700\public\common\oak\drivers\usb\class\usbser\bldsys.log(1590)"}
E:\WINCE700\public\common\oak\drivers\usb\class\usbser\bldsys.log(1591) :   Warning: Unable to do imports from k.Alioth_bl.dll to Alioth_I2C.dll - will late bind {log="E:\WINCE700\public\common\oak\drivers\usb\class\usbser\bldsys.log(1591)"}
E:\WINCE700\public\common\oak\drivers\usb\class\usbser\bldsys.log(1592) :   Warning: Unable to do imports from k.Alioth_e2prom.dll to Alioth_I2C.dll - will late bind {log="E:\WINCE700\public\common\oak\drivers\usb\class\usbser\bldsys.log(1592)"}
E:\WINCE700\public\common\oak\drivers\usb\class\usbser\bldsys.log(1593) :   Warning: Unable to do imports from k.Alioth_ISP1760.dll to Alioth_dma_driver.dll - will late bind {log="E:\WINCE700\public\common\oak\drivers\usb\class\usbser\bldsys.log(1593)"}
E:\WINCE700\public\common\oak\drivers\usb\class\usbser\bldsys.log(1594) :   Warning: Unable to do imports from k.Alioth_ISP1760.dll to Alioth_GPIO.dll - will late bind {log="E:\WINCE700\public\common\oak\drivers\usb\class\usbser\bldsys.log(1594)"}
  MAKEIMG: BUILDMSG: Calling E:\WINCE700\OSDesigns\Alioth_Sample_OSDesign\Alioth_Sample_OSDesign\RelDir\Alioth_ARMV5_Release\PostMakeImg.bat
  MAKEIMG: BUILDMSG: Calling E:\WINCE700\public\common\oak\misc\pbpostmakeimg.bat
  MAKEIMG: BUILDMSG: Make Image process completed successfully
